<?xml version="1.0" encoding="UTF-8"?>
<!-- Generated by org.testng.reporters.JUnitReportReporter -->
<testsuite skipped="0" hostname="BR2-3G18IYABFZD" name="selenium.RESTAPITest" tests="1" failures="0" timestamp="03 Mar 2020 11:40:29 GMT" time="0.002" errors="0">
  <testcase name="rest" time="0.002" classname="selenium.RESTAPITest"/>
</testsuite> <!-- selenium.RESTAPITest -->
