<?xml version="1.0" encoding="UTF-8"?>
<!-- Generated by org.testng.reporters.JUnitReportReporter -->
<testsuite skipped="0" hostname="BR2-3G18IYABFZD" name="selenium.SeleniumTest" tests="1" failures="0" timestamp="03 Mar 2020 11:40:29 GMT" time="0.015" errors="0">
  <testcase name="selenium" time="0.015" classname="selenium.SeleniumTest"/>
</testsuite> <!-- selenium.SeleniumTest -->
